{"numFailedTestSuites":1,"numFailedTests":1,"numPassedTestSuites":0,"numPassedTests":10,"numPendingTestSuites":0,"numPendingTests":0,"numRuntimeErrorTestSuites":0,"numTodoTests":0,"numTotalTestSuites":1,"numTotalTests":11,"openHandles":[],"snapshot":{"added":0,"didUpdate":false,"failure":false,"filesAdded":0,"filesRemoved":0,"filesRemovedList":[],"filesUnmatched":0,"filesUpdated":0,"matched":0,"total":0,"unchecked":0,"uncheckedKeysByFile":[],"unmatched":0,"updated":0},"startTime":1752501005783,"success":false,"testResults":[{"assertionResults":[{"ancestorTitles":["Login Test"],"duration":3886,"failureDetails":[],"failureMessages":[],"fullName":"Login Test should display an error message with invalid credentials","invocations":1,"location":null,"numPassingAsserts":2,"retryReasons":[],"status":"passed","title":"should display an error message with invalid credentials"},{"ancestorTitles":["Login Test","Registration Test 1"],"duration":164,"failureDetails":[{"matcherResult":{"message":"\u001b[2mexpect(\u001b[22m\u001b[31mreceived\u001b[39m\u001b[2m).\u001b[22mnot\u001b[2m.\u001b[22mtoBeNull\u001b[2m()\u001b[22m\n\nReceived: \u001b[31mnull\u001b[39m","pass":true}}],"failureMessages":["Error: \u001b[2mexpect(\u001b[22m\u001b[31mreceived\u001b[39m\u001b[2m).\u001b[22mnot\u001b[2m.\u001b[22mtoBeNull\u001b[2m()\u001b[22m\n\nReceived: \u001b[31mnull\u001b[39m\n    at Object.toBeNull (C:\\Users\\chanl\\Documents\\GitHub\\bed-lab7-exercise-Justclf\\tests\\playwright.test.js:102:27)"],"fullName":"Login Test Registration Test 1 should register successfully with required credentials","invocations":1,"location":null,"numPassingAsserts":0,"retryReasons":[],"status":"failed","title":"should register successfully with required credentials"},{"ancestorTitles":["Login Test","Registration Test 1"],"duration":143,"failureDetails":[],"failureMessages":[],"fullName":"Login Test Registration Test 1 should log in successfully with valid credentials","invocations":1,"location":null,"numPassingAsserts":1,"retryReasons":[],"status":"passed","title":"should log in successfully with valid credentials"},{"ancestorTitles":["Login Test","Registration Test 2"],"duration":147,"failureDetails":[],"failureMessages":[],"fullName":"Login Test Registration Test 2 should register successfully with required credentials","invocations":1,"location":null,"numPassingAsserts":1,"retryReasons":[],"status":"passed","title":"should register successfully with required credentials"},{"ancestorTitles":["Login Test","Registration Test 2"],"duration":146,"failureDetails":[],"failureMessages":[],"fullName":"Login Test Registration Test 2 should log in successfully with valid credentials","invocations":1,"location":null,"numPassingAsserts":1,"retryReasons":[],"status":"passed","title":"should log in successfully with valid credentials"},{"ancestorTitles":["Login Test","Registration Test 3"],"duration":175,"failureDetails":[],"failureMessages":[],"fullName":"Login Test Registration Test 3 should register successfully with required credentials","invocations":1,"location":null,"numPassingAsserts":1,"retryReasons":[],"status":"passed","title":"should register successfully with required credentials"},{"ancestorTitles":["Login Test","Registration Test 3"],"duration":123,"failureDetails":[],"failureMessages":[],"fullName":"Login Test Registration Test 3 should log in successfully with valid credentials","invocations":1,"location":null,"numPassingAsserts":1,"retryReasons":[],"status":"passed","title":"should log in successfully with valid credentials"},{"ancestorTitles":["Login Test","Registration Test 4"],"duration":139,"failureDetails":[],"failureMessages":[],"fullName":"Login Test Registration Test 4 should register successfully with required credentials","invocations":1,"location":null,"numPassingAsserts":1,"retryReasons":[],"status":"passed","title":"should register successfully with required credentials"},{"ancestorTitles":["Login Test","Registration Test 4"],"duration":128,"failureDetails":[],"failureMessages":[],"fullName":"Login Test Registration Test 4 should log in successfully with valid credentials","invocations":1,"location":null,"numPassingAsserts":1,"retryReasons":[],"status":"passed","title":"should log in successfully with valid credentials"},{"ancestorTitles":["Login Test","Registration Test 5"],"duration":156,"failureDetails":[],"failureMessages":[],"fullName":"Login Test Registration Test 5 should register successfully with required credentials","invocations":1,"location":null,"numPassingAsserts":1,"retryReasons":[],"status":"passed","title":"should register successfully with required credentials"},{"ancestorTitles":["Login Test","Registration Test 5"],"duration":145,"failureDetails":[],"failureMessages":[],"fullName":"Login Test Registration Test 5 should log in successfully with valid credentials","invocations":1,"location":null,"numPassingAsserts":1,"retryReasons":[],"status":"passed","title":"should log in successfully with valid credentials"}],"endTime":1752501012469,"message":"\u001b[1m\u001b[31m  \u001b[1m● \u001b[22m\u001b[1mLogin Test › Registration Test 1 › should register successfully with required credentials\u001b[39m\u001b[22m\n\n    \u001b[2mexpect(\u001b[22m\u001b[31mreceived\u001b[39m\u001b[2m).\u001b[22mnot\u001b[2m.\u001b[22mtoBeNull\u001b[2m()\u001b[22m\n\n    Received: \u001b[31mnull\u001b[39m\n\u001b[2m\u001b[22m\n\u001b[2m    \u001b[0m \u001b[90m 100 |\u001b[39m         })\u001b[33m;\u001b[39m\u001b[22m\n\u001b[2m     \u001b[90m 101 |\u001b[39m     \u001b[22m\n\u001b[2m    \u001b[31m\u001b[1m>\u001b[22m\u001b[2m\u001b[39m\u001b[90m 102 |\u001b[39m         expect(token)\u001b[33m.\u001b[39mnot\u001b[33m.\u001b[39mtoBeNull()\u001b[33m;\u001b[39m\u001b[22m\n\u001b[2m     \u001b[90m     |\u001b[39m                           \u001b[31m\u001b[1m^\u001b[22m\u001b[2m\u001b[39m\u001b[22m\n\u001b[2m     \u001b[90m 103 |\u001b[39m       })\u001b[33m;\u001b[39m\u001b[22m\n\u001b[2m     \u001b[90m 104 |\u001b[39m\u001b[22m\n\u001b[2m     \u001b[90m 105 |\u001b[39m       test(\u001b[32m\"should log in successfully with valid credentials\"\u001b[39m\u001b[33m,\u001b[39m \u001b[36masync\u001b[39m () \u001b[33m=>\u001b[39m {\u001b[0m\u001b[22m\n\u001b[2m\u001b[22m\n\u001b[2m      \u001b[2mat Object.toBeNull (\u001b[22m\u001b[2m\u001b[0m\u001b[36mtests/playwright.test.js\u001b[39m\u001b[0m\u001b[2m:102:27)\u001b[22m\u001b[2m\u001b[22m\n","name":"C:\\Users\\chanl\\Documents\\GitHub\\bed-lab7-exercise-Justclf\\tests\\playwright.test.js","startTime":1752501005862,"status":"failed","summary":""}],"wasInterrupted":false}
